<?xml version="1.0" encoding="UTF-8"?>
<!-- Generated by org.testng.reporters.JUnitReportReporter -->
<testsuite skipped="0" hostname="TL0017" name="testcase.DuplicateLead" tests="1" failures="0" timestamp="2023-10-16T11:45:55 IST" time="28.369" errors="0">
  <testcase name="runDuplicatelead" time="28.369" classname="testcase.DuplicateLead"/>
  <system-out/>
</testsuite> <!-- testcase.DuplicateLead -->
