<?xml version="1.0" encoding="UTF-8"?>
<!-- Generated by org.testng.reporters.JUnitReportReporter -->
<testsuite skipped="0" hostname="TL0017" name="testcase.DeleteLead" tests="1" failures="0" timestamp="2023-10-16T13:48:10 IST" time="57.132" errors="0">
  <testcase name="runDeletelead" time="57.132" classname="testcase.DeleteLead"/>
  <system-out/>
</testsuite> <!-- testcase.DeleteLead -->
