<?xml version="1.0" encoding="UTF-8"?>
<!-- Generated by org.testng.reporters.JUnitReportReporter -->
<testsuite skipped="0" hostname="TL0017" name="testcase.CreateLead" tests="3" failures="0" timestamp="2023-10-17T11:31:05 IST" time="174.468" errors="0">
  <testcase name="runCreatelead" time="69.522" classname="testcase.CreateLead"/>
  <system-out/>
  <testcase name="runCreatelead" time="49.274" classname="testcase.CreateLead"/>
  <system-out/>
  <testcase name="runCreatelead" time="55.672" classname="testcase.CreateLead"/>
  <system-out/>
</testsuite> <!-- testcase.CreateLead -->
