<?xml version="1.0" encoding="UTF-8"?>
<!-- Generated by org.testng.reporters.JUnitReportReporter -->
<testsuite skipped="0" hostname="TL0017" name="testcase.LearnAnnotation" tests="2" failures="0" timestamp="2023-10-16T15:37:52 IST" time="0.076" errors="0">
  <testcase name="test1" time="0.055" classname="testcase.LearnAnnotation"/>
  <system-out/>
  <testcase name="test2" time="0.021" classname="testcase.LearnAnnotation"/>
  <system-out>
    <![CDATA[Testcases are passed]]>
  </system-out>
</testsuite> <!-- testcase.LearnAnnotation -->
