<?xml version="1.0" encoding="UTF-8"?>
<!-- Generated by org.testng.reporters.JUnitReportReporter -->
<testsuite skipped="0" hostname="TL0017" name="testcase.Annotaion2" tests="1" failures="0" timestamp="2023-10-16T12:31:38 IST" time="0.004" errors="0">
  <testcase name="test3" time="0.004" classname="testcase.Annotaion2"/>
  <system-out/>
</testsuite> <!-- testcase.Annotaion2 -->
