<?xml version="1.0" encoding="UTF-8"?>
<!-- Generated by org.testng.reporters.JUnitReportReporter -->
<testsuite skipped="0" hostname="TL0017" name="testcase.Facebook" tests="2" failures="0" timestamp="2023-10-17T10:44:16 IST" time="88.502" errors="0">
  <testcase name="homePage" time="49.237" classname="testcase.Facebook"/>
  <system-out/>
  <testcase name="homePage" time="39.265" classname="testcase.Facebook"/>
  <system-out/>
</testsuite> <!-- testcase.Facebook -->
